生成启动时间为 2017/7/25 11:56:53。
     1>项目“C:\Users\ChanKeh\Desktop\仿QQ程序服务器\仿QQ程序服务器.vcxproj”在节点 2 上(build 个目标)。
     1>InitializeBuildStatus:
         正在对“.\Debug\仿QQ程序服务器.unsuccessfulbuild”执行 Touch 任务。
       ClCompile:
         所有输出均为最新。
         d:\Program Files (x86)\Microsoft Visual Studio 10.0\VC\bin\x86_amd64\CL.exe /c /Zi /nologo /W3 /WX- /Od /D WIN32 /D _DEBUG /D _WINDOWS /D _VC80_UPGRADE=0x0600 /D _MBCS /D _AFXDLL /Gm- /EHsc /RTC1 /MDd /GS /Gy- /fp:precise /Zc:wchar_t /Zc:forScope /Yc"stdafx.h" /Fp".\Debug\仿QQ程序服务器.pch" /Fo".\Debug\\" /Fd".\Debug\vc100.pdb" /Gd /TP /errorReport:prompt StdAfx.cpp
         StdAfx.cpp
         _WIN32_WINNT not defined. Defaulting to _WIN32_WINNT_MAXVER (see WinSDKVer.h)
         d:\Program Files (x86)\Microsoft Visual Studio 10.0\VC\bin\x86_amd64\CL.exe /c /Zi /nologo /W3 /WX- /Od /D WIN32 /D _DEBUG /D _WINDOWS /D _VC80_UPGRADE=0x0600 /D _MBCS /D _AFXDLL /Gm- /EHsc /RTC1 /MDd /GS /Gy- /fp:precise /Zc:wchar_t /Zc:forScope /Yu"stdafx.h" /Fp".\Debug\仿QQ程序服务器.pch" /Fo".\Debug\\" /Fd".\Debug\vc100.pdb" /Gd /TP /errorReport:prompt Message.cpp "仿QQ程序服务器.cpp" "仿QQ程序服务器Dlg.cpp"
         Message.cpp
         仿QQ程序服务器.cpp
     1>仿QQ程序服务器.cpp(58): warning C4996: 'CWinApp::Enable3dControls': CWinApp::Enable3dControls is no longer needed. You should remove this call.
                 d:\Program Files (x86)\Microsoft Visual Studio 10.0\VC\atlmfc\include\afxwin.h(5380) : 参见“CWinApp::Enable3dControls”的声明
     1>仿QQ程序服务器.cpp(65): warning C4244: “初始化”: 从“INT_PTR”转换到“int”，可能丢失数据
         仿QQ程序服务器Dlg.cpp
         Generating Code...
       ResourceCompile:
         所有输出均为最新。
       ManifestResourceCompile:
         所有输出均为最新。
       Link:
         d:\Program Files (x86)\Microsoft Visual Studio 10.0\VC\bin\x86_amd64\link.exe /ERRORREPORT:PROMPT /OUT:".\Debug\仿QQ程序服务器.exe" /INCREMENTAL /NOLOGO opencv_ts300.lib opencv_world300.lib /MANIFEST /ManifestFile:".\Debug\仿QQ程序服务器.exe.intermediate.manifest" /MANIFESTUAC:"level='asInvoker' uiAccess='false'" /DEBUG /PDB:"C:\Users\ChanKeh\Desktop\仿QQ程序服务器\Debug\仿QQ程序服务器.pdb" /SUBSYSTEM:WINDOWS /TLBID:1 /DYNAMICBASE /NXCOMPAT /IMPLIB:".\Debug\仿QQ程序服务器.lib" /MACHINE:X64 ".\Debug\仿QQ程序服务器.res"
         ".\Debug\仿QQ程序服务器.exe.embed.manifest.res"
         .\Debug\Message.obj
         .\Debug\StdAfx.obj
         ".\Debug\仿QQ程序服务器.obj"
         ".\Debug\仿QQ程序服务器Dlg.obj"
         仿QQ程序服务器.vcxproj -> C:\Users\ChanKeh\Desktop\仿QQ程序服务器\.\Debug\仿QQ程序服务器.exe
       Manifest:
         C:\Program Files (x86)\Microsoft SDKs\Windows\v7.0A\bin\mt.exe /nologo /verbose /out:".\Debug\仿QQ程序服务器.exe.embed.manifest" /manifest ".\Debug\仿QQ程序服务器.exe.intermediate.manifest" "d:\Program Files (x86)\Microsoft Visual Studio 10.0\VC\Include\Manifest\dpiaware.manifest"
         C:\Program Files (x86)\Microsoft SDKs\Windows\v7.0A\bin\rc.exe /nologo /fo".\Debug\仿QQ程序服务器.exe.embed.manifest.res" ".\Debug\仿QQ程序服务器_manifest.rc" 
       LinkEmbedManifest:
         d:\Program Files (x86)\Microsoft Visual Studio 10.0\VC\bin\x86_amd64\link.exe /ERRORREPORT:PROMPT /OUT:".\Debug\仿QQ程序服务器.exe" /INCREMENTAL /NOLOGO opencv_ts300.lib opencv_world300.lib /MANIFEST /ManifestFile:".\Debug\仿QQ程序服务器.exe.intermediate.manifest" /MANIFESTUAC:"level='asInvoker' uiAccess='false'" /DEBUG /PDB:"C:\Users\ChanKeh\Desktop\仿QQ程序服务器\Debug\仿QQ程序服务器.pdb" /SUBSYSTEM:WINDOWS /TLBID:1 /DYNAMICBASE /NXCOMPAT /IMPLIB:".\Debug\仿QQ程序服务器.lib" /MACHINE:X64 ".\Debug\仿QQ程序服务器.res"
         ".\Debug\仿QQ程序服务器.exe.embed.manifest.res"
         .\Debug\Message.obj
         .\Debug\StdAfx.obj
         ".\Debug\仿QQ程序服务器.obj"
         ".\Debug\仿QQ程序服务器Dlg.obj"
         仿QQ程序服务器.vcxproj -> C:\Users\ChanKeh\Desktop\仿QQ程序服务器\.\Debug\仿QQ程序服务器.exe
       FinalizeBuildStatus:
         正在删除文件“.\Debug\仿QQ程序服务器.unsuccessfulbuild”。
         正在对“.\Debug\仿QQ程序服务器.lastbuildstate”执行 Touch 任务。
     1>已完成生成项目“C:\Users\ChanKeh\Desktop\仿QQ程序服务器\仿QQ程序服务器.vcxproj”(build 个目标)的操作。

生成成功。

已用时间 00:00:07.05
